<?xml version="1.0" encoding="UTF-8"?>
<testsuite xmlns:xsi="http://www.w3.org/2001/XMLSchema-instance" xsi:noNamespaceSchemaLocation="https://maven.apache.org/surefire/maven-surefire-plugin/xsd/surefire-test-report-3.0.xsd" version="3.0" name="Runner.RunnerTest" time="78.56" tests="8" errors="0" skipped="0" failures="0">
  <properties>
[...]
</properties>
  <testcase name="Verify login page" classname="feature to test login functionality to Swag Labs" time="13.976">
    <system-out><![CDATA[
@Interface @TC01
Scenario: Verify login page                                                              # src/test/resources/Features/login.feature:8
Firefox browser initialized
  Given User has opened swag labs browser                                                # StepDefinitions.LoginSteps.user_has_opened_swag_labs_browser()
  Then There are fields for inputting username and password that have not been filled in # StepDefinitions.LoginSteps.there_are_fields_for_inputting_username_and_password_that_have_not_been_filled_in()
  And There is a Swag Labs logo name                                                     # StepDefinitions.LoginSteps.there_is_a_swag_labs_logo_name()
]]></system-out>
    <system-err><![CDATA[[main] INFO io.github.bonigarcia.wdm.WebDriverManager - Using geckodriver 0.35.0 (resolved driver for Firefox 131)
[main] INFO io.github.bonigarcia.wdm.WebDriverManager - Exporting webdriver.gecko.driver as C:\Users\ASUS\.cache\selenium\geckodriver\win64\0.35.0\geckodriver.exe
]]></system-err>
  </testcase>
  <testcase name="Verify if login is successful with valid credentials" classname="feature to test login functionality to Swag Labs" time="10.697">
    <system-out><![CDATA[
@TCID01
Scenario: Verify if login is successful with valid credentials               # src/test/resources/Features/login.feature:13
Firefox browser initialized
  Given User has opened swag labs browser                                    # StepDefinitions.LoginSteps.user_has_opened_swag_labs_browser()
  When User enter username as "standard_user" and password as "secret_sauce" # StepDefinitions.LoginSteps.user_enter_username_as_and_passwrod_as(java.lang.String,java.lang.String)
  And User click login button                                                # StepDefinitions.LoginSteps.user_click_login_button()
  Then User should be able to see Dashboard Page                             # StepDefinitions.LoginSteps.user_should_be_able_to_see_dashboard_page()
]]></system-out>
    <system-err><![CDATA[[main] INFO io.github.bonigarcia.wdm.WebDriverManager - Using geckodriver 0.35.0 (resolved driver for Firefox 131)
[main] INFO io.github.bonigarcia.wdm.WebDriverManager - Exporting webdriver.gecko.driver as C:\Users\ASUS\.cache\selenium\geckodriver\win64\0.35.0\geckodriver.exe
]]></system-err>
  </testcase>
  <testcase name="Verify if login is unsuccessful with invalid credentials #1" classname="feature to test login functionality to Swag Labs" time="8.853">
    <system-out><![CDATA[
@TCID01
Scenario Outline: Verify if login is unsuccessful with invalid credentials # src/test/resources/Features/login.feature:29
Firefox browser initialized
  Given User has opened swag labs browser                                  # StepDefinitions.LoginSteps.user_has_opened_swag_labs_browser()
  When User enter username as "standard_user" and password as ""           # StepDefinitions.LoginSteps.user_enter_username_as_and_passwrod_as(java.lang.String,java.lang.String)
  And User click login button                                              # StepDefinitions.LoginSteps.user_click_login_button()
  Then Showing symbol red x in the "password"                              # StepDefinitions.LoginSteps.showing_symbol_red_x_in_the(java.lang.String)
  And Showing Error message "Epic sadface: Password is required"           # StepDefinitions.LoginSteps.showing_error_message(java.lang.String)
  And Stay on the login page                                               # StepDefinitions.LoginSteps.stay_on_the_login_page()
  And The label and border in the "password" field are red                 # StepDefinitions.LoginSteps.the_label_and_border_in_the_field_are_red(java.lang.String)
]]></system-out>
    <system-err><![CDATA[[main] INFO io.github.bonigarcia.wdm.WebDriverManager - Using geckodriver 0.35.0 (resolved driver for Firefox 131)
[main] INFO io.github.bonigarcia.wdm.WebDriverManager - Exporting webdriver.gecko.driver as C:\Users\ASUS\.cache\selenium\geckodriver\win64\0.35.0\geckodriver.exe
]]></system-err>
  </testcase>
  <testcase name="Verify if login is unsuccessful with invalid credentials #2" classname="feature to test login functionality to Swag Labs" time="9.474">
    <system-out><![CDATA[
@TCID01
Scenario Outline: Verify if login is unsuccessful with invalid credentials # src/test/resources/Features/login.feature:30
Firefox browser initialized
  Given User has opened swag labs browser                                  # StepDefinitions.LoginSteps.user_has_opened_swag_labs_browser()
  When User enter username as "" and password as "secret_sauce"            # StepDefinitions.LoginSteps.user_enter_username_as_and_passwrod_as(java.lang.String,java.lang.String)
  And User click login button                                              # StepDefinitions.LoginSteps.user_click_login_button()
  Then Showing symbol red x in the "username"                              # StepDefinitions.LoginSteps.showing_symbol_red_x_in_the(java.lang.String)
  And Showing Error message "Epic sadface: Username is required"           # StepDefinitions.LoginSteps.showing_error_message(java.lang.String)
  And Stay on the login page                                               # StepDefinitions.LoginSteps.stay_on_the_login_page()
  And The label and border in the "username" field are red                 # StepDefinitions.LoginSteps.the_label_and_border_in_the_field_are_red(java.lang.String)
]]></system-out>
    <system-err><![CDATA[[main] INFO io.github.bonigarcia.wdm.WebDriverManager - Using geckodriver 0.35.0 (resolved driver for Firefox 131)
[main] INFO io.github.bonigarcia.wdm.WebDriverManager - Exporting webdriver.gecko.driver as C:\Users\ASUS\.cache\selenium\geckodriver\win64\0.35.0\geckodriver.exe
]]></system-err>
  </testcase>
  <testcase name="Verify if login is unsuccessful with invalid credentials #3" classname="feature to test login functionality to Swag Labs" time="8.508">
    <system-out><![CDATA[
@TCID01
Scenario Outline: Verify if login is unsuccessful with invalid credentials # src/test/resources/Features/login.feature:31
Firefox browser initialized
  Given User has opened swag labs browser                                  # StepDefinitions.LoginSteps.user_has_opened_swag_labs_browser()
  When User enter username as "" and password as ""                        # StepDefinitions.LoginSteps.user_enter_username_as_and_passwrod_as(java.lang.String,java.lang.String)
  And User click login button                                              # StepDefinitions.LoginSteps.user_click_login_button()
  Then Showing symbol red x in the "both"                                  # StepDefinitions.LoginSteps.showing_symbol_red_x_in_the(java.lang.String)
  And Showing Error message "Epic sadface: Username is required"           # StepDefinitions.LoginSteps.showing_error_message(java.lang.String)
  And Stay on the login page                                               # StepDefinitions.LoginSteps.stay_on_the_login_page()
  And The label and border in the "both" field are red                     # StepDefinitions.LoginSteps.the_label_and_border_in_the_field_are_red(java.lang.String)
]]></system-out>
    <system-err><![CDATA[[main] INFO io.github.bonigarcia.wdm.WebDriverManager - Using geckodriver 0.35.0 (resolved driver for Firefox 131)
[main] INFO io.github.bonigarcia.wdm.WebDriverManager - Exporting webdriver.gecko.driver as C:\Users\ASUS\.cache\selenium\geckodriver\win64\0.35.0\geckodriver.exe
]]></system-err>
  </testcase>
  <testcase name="Verify if login is unsuccessful with invalid credentials #4" classname="feature to test login functionality to Swag Labs" time="9.0">
    <system-out><![CDATA[
@TCID01
Scenario Outline: Verify if login is unsuccessful with invalid credentials                              # src/test/resources/Features/login.feature:32
Firefox browser initialized
  Given User has opened swag labs browser                                                               # StepDefinitions.LoginSteps.user_has_opened_swag_labs_browser()
  When User enter username as "standard_user" and password as "secret"                                  # StepDefinitions.LoginSteps.user_enter_username_as_and_passwrod_as(java.lang.String,java.lang.String)
  And User click login button                                                                           # StepDefinitions.LoginSteps.user_click_login_button()
  Then Showing symbol red x in the "both"                                                               # StepDefinitions.LoginSteps.showing_symbol_red_x_in_the(java.lang.String)
  And Showing Error message "Epic sadface: Username and password do not match any user in this service" # StepDefinitions.LoginSteps.showing_error_message(java.lang.String)
  And Stay on the login page                                                                            # StepDefinitions.LoginSteps.stay_on_the_login_page()
  And The label and border in the "both" field are red                                                  # StepDefinitions.LoginSteps.the_label_and_border_in_the_field_are_red(java.lang.String)
]]></system-out>
    <system-err><![CDATA[[main] INFO io.github.bonigarcia.wdm.WebDriverManager - Using geckodriver 0.35.0 (resolved driver for Firefox 131)
[main] INFO io.github.bonigarcia.wdm.WebDriverManager - Exporting webdriver.gecko.driver as C:\Users\ASUS\.cache\selenium\geckodriver\win64\0.35.0\geckodriver.exe
]]></system-err>
  </testcase>
  <testcase name="Verify if login is unsuccessful with invalid credentials #5" classname="feature to test login functionality to Swag Labs" time="8.524">
    <system-out><![CDATA[
@TCID01
Scenario Outline: Verify if login is unsuccessful with invalid credentials                              # src/test/resources/Features/login.feature:33
Firefox browser initialized
  Given User has opened swag labs browser                                                               # StepDefinitions.LoginSteps.user_has_opened_swag_labs_browser()
  When User enter username as "standarda" and password as "secret_user"                                 # StepDefinitions.LoginSteps.user_enter_username_as_and_passwrod_as(java.lang.String,java.lang.String)
  And User click login button                                                                           # StepDefinitions.LoginSteps.user_click_login_button()
  Then Showing symbol red x in the "both"                                                               # StepDefinitions.LoginSteps.showing_symbol_red_x_in_the(java.lang.String)
  And Showing Error message "Epic sadface: Username and password do not match any user in this service" # StepDefinitions.LoginSteps.showing_error_message(java.lang.String)
  And Stay on the login page                                                                            # StepDefinitions.LoginSteps.stay_on_the_login_page()
  And The label and border in the "both" field are red                                                  # StepDefinitions.LoginSteps.the_label_and_border_in_the_field_are_red(java.lang.String)
]]></system-out>
    <system-err><![CDATA[[main] INFO io.github.bonigarcia.wdm.WebDriverManager - Using geckodriver 0.35.0 (resolved driver for Firefox 131)
[main] INFO io.github.bonigarcia.wdm.WebDriverManager - Exporting webdriver.gecko.driver as C:\Users\ASUS\.cache\selenium\geckodriver\win64\0.35.0\geckodriver.exe
]]></system-err>
  </testcase>
  <testcase name="Verify if login is unsuccessful with invalid credentials #6" classname="feature to test login functionality to Swag Labs" time="8.483">
    <system-out><![CDATA[
@TCID01
Scenario Outline: Verify if login is unsuccessful with invalid credentials                              # src/test/resources/Features/login.feature:34
Firefox browser initialized
  Given User has opened swag labs browser                                                               # StepDefinitions.LoginSteps.user_has_opened_swag_labs_browser()
  When User enter username as "standard" and password as "secret"                                       # StepDefinitions.LoginSteps.user_enter_username_as_and_passwrod_as(java.lang.String,java.lang.String)
  And User click login button                                                                           # StepDefinitions.LoginSteps.user_click_login_button()
  Then Showing symbol red x in the "both"                                                               # StepDefinitions.LoginSteps.showing_symbol_red_x_in_the(java.lang.String)
  And Showing Error message "Epic sadface: Username and password do not match any user in this service" # StepDefinitions.LoginSteps.showing_error_message(java.lang.String)
  And Stay on the login page                                                                            # StepDefinitions.LoginSteps.stay_on_the_login_page()
  And The label and border in the "both" field are red                                                  # StepDefinitions.LoginSteps.the_label_and_border_in_the_field_are_red(java.lang.String)
]]></system-out>
    <system-err><![CDATA[[main] INFO io.github.bonigarcia.wdm.WebDriverManager - Using geckodriver 0.35.0 (resolved driver for Firefox 131)
[main] INFO io.github.bonigarcia.wdm.WebDriverManager - Exporting webdriver.gecko.driver as C:\Users\ASUS\.cache\selenium\geckodriver\win64\0.35.0\geckodriver.exe
]]></system-err>
  </testcase>
</testsuite>